<?xml version="1.0" encoding="UTF-8"?>
<testsuite name="ru.spy.spy.SpyApplicationTests" tests="1" skipped="0" failures="0" errors="0" timestamp="2020-04-29T18:28:32" hostname="CAB-WSM-0005407" time="0.15">
  <properties/>
  <testcase name="contextLoads()" classname="ru.spy.spy.SpyApplicationTests" time="0.15"/>
  <system-out><![CDATA[21:28:29.155 [Test worker] DEBUG org.springframework.test.context.BootstrapUtils - Instantiating CacheAwareContextLoaderDelegate from class [org.springframework.test.context.cache.DefaultCacheAwareContextLoaderDelegate]
21:28:29.171 [Test worker] DEBUG org.springframework.test.context.BootstrapUtils - Instantiating BootstrapContext using constructor [public org.springframework.test.context.support.DefaultBootstrapContext(java.lang.Class,org.springframework.test.context.CacheAwareContextLoaderDelegate)]
21:28:29.199 [Test worker] DEBUG org.springframework.test.context.BootstrapUtils - Instantiating TestContextBootstrapper for test class [ru.spy.spy.SpyApplicationTests] from class [org.springframework.boot.test.context.SpringBootTestContextBootstrapper]
21:28:29.218 [Test worker] INFO org.springframework.boot.test.context.SpringBootTestContextBootstrapper - Neither @ContextConfiguration nor @ContextHierarchy found for test class [ru.spy.spy.SpyApplicationTests], using SpringBootContextLoader
21:28:29.222 [Test worker] DEBUG org.springframework.test.context.support.AbstractContextLoader - Did not detect default resource location for test class [ru.spy.spy.SpyApplicationTests]: class path resource [ru/spy/spy/SpyApplicationTests-context.xml] does not exist
21:28:29.222 [Test worker] DEBUG org.springframework.test.context.support.AbstractContextLoader - Did not detect default resource location for test class [ru.spy.spy.SpyApplicationTests]: class path resource [ru/spy/spy/SpyApplicationTestsContext.groovy] does not exist
21:28:29.223 [Test worker] INFO org.springframework.test.context.support.AbstractContextLoader - Could not detect default resource locations for test class [ru.spy.spy.SpyApplicationTests]: no resource found for suffixes {-context.xml, Context.groovy}.
21:28:29.224 [Test worker] INFO org.springframework.test.context.support.AnnotationConfigContextLoaderUtils - Could not detect default configuration classes for test class [ru.spy.spy.SpyApplicationTests]: SpyApplicationTests does not declare any static, non-private, non-final, nested classes annotated with @Configuration.
21:28:29.256 [Test worker] DEBUG org.springframework.test.context.support.ActiveProfilesUtils - Could not find an 'annotation declaring class' for annotation type [org.springframework.test.context.ActiveProfiles] and class [ru.spy.spy.SpyApplicationTests]
21:28:29.327 [Test worker] DEBUG org.springframework.context.annotation.ClassPathScanningCandidateComponentProvider - Identified candidate component class: file [/Users/a18240425/Desktop/spyfall/build/classes/java/main/ru/spy/spy/SpyApplication.class]
21:28:29.329 [Test worker] INFO org.springframework.boot.test.context.SpringBootTestContextBootstrapper - Found @SpringBootConfiguration ru.spy.spy.SpyApplication for test class ru.spy.spy.SpyApplicationTests
21:28:29.434 [Test worker] DEBUG org.springframework.boot.test.context.SpringBootTestContextBootstrapper - @TestExecutionListeners is not present for class [ru.spy.spy.SpyApplicationTests]: using defaults.
21:28:29.435 [Test worker] INFO org.springframework.boot.test.context.SpringBootTestContextBootstrapper - Loaded default TestExecutionListener class names from location [META-INF/spring.factories]: [org.springframework.boot.test.autoconfigure.restdocs.RestDocsTestExecutionListener, org.springframework.boot.test.autoconfigure.web.client.MockRestServiceServerResetTestExecutionListener, org.springframework.boot.test.autoconfigure.web.servlet.MockMvcPrintOnlyOnFailureTestExecutionListener, org.springframework.boot.test.autoconfigure.web.servlet.WebDriverTestExecutionListener, org.springframework.boot.test.mock.mockito.MockitoTestExecutionListener, org.springframework.boot.test.mock.mockito.ResetMocksTestExecutionListener, org.springframework.test.context.web.ServletTestExecutionListener, org.springframework.test.context.support.DirtiesContextBeforeModesTestExecutionListener, org.springframework.test.context.support.DependencyInjectionTestExecutionListener, org.springframework.test.context.support.DirtiesContextTestExecutionListener, org.springframework.test.context.transaction.TransactionalTestExecutionListener, org.springframework.test.context.jdbc.SqlScriptsTestExecutionListener, org.springframework.test.context.event.EventPublishingTestExecutionListener]
21:28:29.442 [Test worker] DEBUG org.springframework.boot.test.context.SpringBootTestContextBootstrapper - Skipping candidate TestExecutionListener [org.springframework.test.context.web.ServletTestExecutionListener] due to a missing dependency. Specify custom listener classes or make the default listener classes and their required dependencies available. Offending class: [javax/servlet/ServletContext]
21:28:29.444 [Test worker] DEBUG org.springframework.boot.test.context.SpringBootTestContextBootstrapper - Skipping candidate TestExecutionListener [org.springframework.test.context.transaction.TransactionalTestExecutionListener] due to a missing dependency. Specify custom listener classes or make the default listener classes and their required dependencies available. Offending class: [org/springframework/transaction/interceptor/TransactionAttributeSource]
21:28:29.444 [Test worker] DEBUG org.springframework.boot.test.context.SpringBootTestContextBootstrapper - Skipping candidate TestExecutionListener [org.springframework.test.context.jdbc.SqlScriptsTestExecutionListener] due to a missing dependency. Specify custom listener classes or make the default listener classes and their required dependencies available. Offending class: [org/springframework/transaction/interceptor/TransactionAttribute]
21:28:29.445 [Test worker] INFO org.springframework.boot.test.context.SpringBootTestContextBootstrapper - Using TestExecutionListeners: [org.springframework.test.context.support.DirtiesContextBeforeModesTestExecutionListener@4a0a2e83, org.springframework.boot.test.mock.mockito.MockitoTestExecutionListener@26f35271, org.springframework.boot.test.autoconfigure.SpringBootDependencyInjectionTestExecutionListener@5561a20d, org.springframework.test.context.support.DirtiesContextTestExecutionListener@4717d127, org.springframework.test.context.event.EventPublishingTestExecutionListener@5cf28170, org.springframework.boot.test.autoconfigure.restdocs.RestDocsTestExecutionListener@602e3045, org.springframework.boot.test.autoconfigure.web.client.MockRestServiceServerResetTestExecutionListener@38079787, org.springframework.boot.test.autoconfigure.web.servlet.MockMvcPrintOnlyOnFailureTestExecutionListener@41e0f749, org.springframework.boot.test.autoconfigure.web.servlet.WebDriverTestExecutionListener@9d11704, org.springframework.boot.test.mock.mockito.ResetMocksTestExecutionListener@18eca263]
21:28:29.448 [Test worker] DEBUG org.springframework.test.context.support.AbstractDirtiesContextTestExecutionListener - Before test class: context [DefaultTestContext@3488ebf1 testClass = SpyApplicationTests, testInstance = [null], testMethod = [null], testException = [null], mergedContextConfiguration = [MergedContextConfiguration@1b32a2a4 testClass = SpyApplicationTests, locations = '{}', classes = '{class ru.spy.spy.SpyApplication}', contextInitializerClasses = '[]', activeProfiles = '{}', propertySourceLocations = '{}', propertySourceProperties = '{org.springframework.boot.test.context.SpringBootTestContextBootstrapper=true}', contextCustomizers = set[org.springframework.boot.test.autoconfigure.properties.PropertyMappingContextCustomizer@0, org.springframework.boot.test.autoconfigure.web.servlet.WebDriverContextCustomizerFactory$Customizer@22d74f68, org.springframework.boot.test.context.filter.ExcludeFilterContextCustomizer@27ad6420, org.springframework.boot.test.json.DuplicateJsonObjectContextCustomizerFactory$DuplicateJsonObjectContextCustomizer@32aebbdc, org.springframework.boot.test.mock.mockito.MockitoContextCustomizer@0, org.springframework.boot.test.web.client.TestRestTemplateContextCustomizer@657f6035], contextLoader = 'org.springframework.boot.test.context.SpringBootContextLoader', parent = [null]], attributes = map[[empty]]], class annotated with @DirtiesContext [false] with mode [null].
21:28:29.457 [Test worker] DEBUG org.springframework.test.context.support.DependencyInjectionTestExecutionListener - Performing dependency injection for test context [[DefaultTestContext@3488ebf1 testClass = SpyApplicationTests, testInstance = ru.spy.spy.SpyApplicationTests@64deb942, testMethod = [null], testException = [null], mergedContextConfiguration = [MergedContextConfiguration@1b32a2a4 testClass = SpyApplicationTests, locations = '{}', classes = '{class ru.spy.spy.SpyApplication}', contextInitializerClasses = '[]', activeProfiles = '{}', propertySourceLocations = '{}', propertySourceProperties = '{org.springframework.boot.test.context.SpringBootTestContextBootstrapper=true}', contextCustomizers = set[org.springframework.boot.test.autoconfigure.properties.PropertyMappingContextCustomizer@0, org.springframework.boot.test.autoconfigure.web.servlet.WebDriverContextCustomizerFactory$Customizer@22d74f68, org.springframework.boot.test.context.filter.ExcludeFilterContextCustomizer@27ad6420, org.springframework.boot.test.json.DuplicateJsonObjectContextCustomizerFactory$DuplicateJsonObjectContextCustomizer@32aebbdc, org.springframework.boot.test.mock.mockito.MockitoContextCustomizer@0, org.springframework.boot.test.web.client.TestRestTemplateContextCustomizer@657f6035], contextLoader = 'org.springframework.boot.test.context.SpringBootContextLoader', parent = [null]], attributes = map[[empty]]]].
21:28:29.484 [Test worker] DEBUG org.springframework.test.context.support.TestPropertySourceUtils - Adding inlined properties to environment: {spring.jmx.enabled=false, org.springframework.boot.test.context.SpringBootTestContextBootstrapper=true, server.port=-1}

  .   ____          _            __ _ _
 /\\ / ___'_ __ _ _(_)_ __  __ _ \ \ \ \
( ( )\___ | '_ | '_| | '_ \/ _` | \ \ \ \
 \\/  ___)| |_)| | | | | || (_| |  ) ) ) )
  '  |____| .__|_| |_|_| |_\__, | / / / /
 =========|_|==============|___/=/_/_/_/
 :: Spring Boot ::        (v2.2.6.RELEASE)

2020-04-29 21:28:31.697  INFO 49422 --- [    Test worker] ru.spy.spy.SpyApplicationTests           : Starting SpyApplicationTests on CAB-WSM-0005407 with PID 49422 (started by a18240425 in /Users/a18240425/Desktop/spyfall)
2020-04-29 21:28:31.698  INFO 49422 --- [    Test worker] ru.spy.spy.SpyApplicationTests           : No active profile set, falling back to default profiles: default
2020-04-29 21:28:32.167  INFO 49422 --- [    Test worker] ru.spy.spy.SpyApplicationTests           : Started SpyApplicationTests in 2.68 seconds (JVM running for 3.769)
]]></system-out>
  <system-err><![CDATA[]]></system-err>
</testsuite>
